1.3340330123901367 1.1231052875518799
1.0407480001449585 0.9798552989959717
0.936095118522644 0.9079034328460693
0.885723352432251 0.8749083280563354
1.1528044939041138 1.0222991704940796
0.9706429243087769 0.9358793497085571
0.9090897440910339 0.8911704421043396
0.874420702457428 0.8651434779167175
0.8535223007202148 0.8487235307693481
0.8399350047111511 0.8377298712730408
0.8302563428878784 0.8294605612754822
0.8227237462997437 0.8228868842124939
0.8164229989051819 0.8172313570976257
0.8108792901039124 0.8120644688606262
0.8057771921157837 0.8071106672286987
0.8009386658668518 0.8025949001312256
0.7964763045310974 0.7983131408691406
0.792295515537262 0.7943746447563171
0.788419783115387 0.7906283140182495
0.7847991585731506 0.7872150540351868
0.7813825011253357 0.7839798331260681
0.7781923413276672 0.7809337377548218
0.7752040028572083 0.777986466884613
0.7723453640937805 0.7754068374633789
0.7697372436523438 0.7730956077575684
0.7673661708831787 0.7706650495529175
0.7650055289268494 0.7683676481246948
0.7627136707305908 0.7662310600280762
0.7604407072067261 0.764019787311554
0.7583140730857849 0.7620534896850586
