1.3290530443191528 1.1251728534698486
1.0550225973129272 1.0070476531982422
0.971241295337677 0.944980800151825
0.9182863235473633 0.9004582762718201
0.8823122978210449 0.8724788427352905
0.8594578504562378 0.8547975420951843
0.8440778255462646 0.8418493866920471
0.8327842354774475 0.8322153687477112
0.8234720826148987 0.8237031102180481
0.8154500126838684 0.8160503506660461
0.8084060549736023 0.8099140524864197
0.8022552132606506 0.8038402795791626
0.7967329025268555 0.7987493276596069
0.7921264171600342 0.7946574687957764
0.7881640791893005 0.7909106016159058
0.7845982909202576 0.7875764966011047
0.78142911195755 0.7848646640777588
0.7785221934318542 0.7818202972412109
0.7758969068527222 0.7796865701675415
0.7734555006027222 0.7772482633590698
0.7712695598602295 0.77512127161026
0.769178032875061 0.7733949422836304
0.7671382427215576 0.7715181708335876
0.7653021216392517 0.7695841193199158
0.7635294198989868 0.7679277062416077
0.761889636516571 0.7663402557373047
0.7602642774581909 0.7647198438644409
0.7586941719055176 0.7636060118675232
0.757229208946228 0.7617551684379578
0.7558082938194275 0.7602856755256653
